<?xml version="1.0" encoding="UTF-8"?>
<testsuite name="Spek" tests="3" skipped="0" failures="0" errors="0" time="1.17" hostname="vaishnavis-mbp.vidmark.local" timestamp="2018-07-02T10:25:50">
<properties>
<property name="awt.toolkit" value="sun.lwawt.macosx.LWCToolkit"/>
<property name="file.encoding" value="UTF-8"/>
<property name="file.encoding.pkg" value="sun.io"/>
<property name="file.separator" value="/"/>
<property name="gopherProxySet" value="false"/>
<property name="java.awt.graphicsenv" value="sun.awt.CGraphicsEnvironment"/>
<property name="java.awt.printerjob" value="sun.lwawt.macosx.CPrinterJob"/>
<property name="java.class.path" value="/Users/vhire/micronautJWT/build/classes/java/test:/Users/vhire/micronautJWT/build/classes/kotlin/test:/Users/vhire/micronautJWT/build/tmp/kapt3/classes/test:/Users/vhire/micronautJWT/build/resources/test:/Users/vhire/micronautJWT/build/classes/java/main:/Users/vhire/micronautJWT/build/classes/kotlin/main:/Users/vhire/micronautJWT/build/tmp/kapt3/classes/main:/Users/vhire/micronautJWT/build/resources/main:/Users/vhire/.gradle/caches/modules-2/files-2.1/io.micronaut/http-client/1.0.0.M1/3c5c766afe37ae03035dc732b26120d669e8458b/http-client-1.0.0.M1.jar:/Users/vhire/.gradle/caches/modules-2/files-2.1/io.micronaut/http-server-netty/1.0.0.M1/6f211af9fc1902c9dc5ccd9fd6835b16911bca5a/http-server-netty-1.0.0.M1.jar:/Users/vhire/.gradle/caches/modules-2/files-2.1/io.micronaut/session/1.0.0.M1/4749d0dacf9ddaf6453a327cf1b50bbea84338f4/session-1.0.0.M1.jar:/Users/vhire/.gradle/caches/modules-2/files-2.1/io.micronaut.configuration/redis-lettuce/1.0.0.M1/c21bad11eafb17b4a99d0d9a3d1867760fc3d577/redis-lettuce-1.0.0.M1.jar:/Users/vhire/.gradle/caches/modules-2/files-2.1/io.micronaut/security-jwt/1.0.0.M1/336d2690f1ff611c12cfd2337f555e546f4fa130/security-jwt-1.0.0.M1.jar:/Users/vhire/.gradle/caches/modules-2/files-2.1/io.micronaut/security/1.0.0.M1/8c873a663f5b3c22bffba83508ecde5bfdcce432/security-1.0.0.M1.jar:/Users/vhire/.gradle/caches/modules-2/files-2.1/io.micronaut/http-server/1.0.0.M1/75876f4932aec4426eacca3d25e434baaac4c3f2/http-server-1.0.0.M1.jar:/Users/vhire/.gradle/caches/modules-2/files-2.1/io.micronaut/management/1.0.0.M1/ef38d5e541b25fc0bfb2a418b046051eb9635441/management-1.0.0.M1.jar:/Users/vhire/.gradle/caches/modules-2/files-2.1/io.micronaut/runtime/1.0.0.M1/42791f0588a51564fa6a00baa37949388812523f/runtime-1.0.0.M1.jar:/Users/vhire/.gradle/caches/modules-2/files-2.1/io.micronaut.configuration/hibernate-validator/1.0.0.M1/bda00bb6f49f4cbf2462b0303a96f632eb588ee2/hibernate-validator-1.0.0.M1.jar:/Users/vhire/.gradle/caches/modules-2/files-2.1/io.micronaut/validation/1.0.0.M1/edb96afd2fe28df6bbe4f61d04682b11cc2a19e7/validation-1.0.0.M1.jar:/Users/vhire/.gradle/caches/modules-2/files-2.1/io.micronaut/inject-java/1.0.0.M1/219cb7b0434016811099c91584e551af62cc4b87/inject-java-1.0.0.M1.jar:/Users/vhire/.gradle/caches/modules-2/files-2.1/io.micronaut/router/1.0.0.M1/e2bb1f4f8a8ad6cb31bd2ecedcef297715fdd640/router-1.0.0.M1.jar:/Users/vhire/.gradle/caches/modules-2/files-2.1/io.micronaut/http-netty/1.0.0.M1/7a345d5ad4aaf6500f60741c3c90cff49a1dec13/http-netty-1.0.0.M1.jar:/Users/vhire/.gradle/caches/modules-2/files-2.1/io.micronaut/http/1.0.0.M1/7814a8c2a3a8abb163d0ee76701512e5e2b38f95/http-1.0.0.M1.jar:/Users/vhire/.gradle/caches/modules-2/files-2.1/io.micronaut/aop/1.0.0.M1/ad4752ffc93c68bad0bb7b5de4f4a02f01bb80a2/aop-1.0.0.M1.jar:/Users/vhire/.gradle/caches/modules-2/files-2.1/io.micronaut/inject/1.0.0.M1/488ab45b5e839c6ea8c243fb3fda0f5dc6561343/inject-1.0.0.M1.jar:/Users/vhire/.gradle/caches/modules-2/files-2.1/org.jetbrains.kotlin/kotlin-stdlib-jdk8/1.2.31/50094b02ec8a4c2e4444073c722bb56c8a52b83c/kotlin-stdlib-jdk8-1.2.31.jar:/Users/vhire/.gradle/caches/modules-2/files-2.1/org.jetbrains.spek/spek-junit-platform-engine/1.1.5/84bbc6c2b61230b5921458b87332672d08fdc1e3/spek-junit-platform-engine-1.1.5.jar:/Users/vhire/.gradle/caches/modules-2/files-2.1/org.jetbrains.spek/spek-api/1.1.5/bc19a88a54bb18edc9dd64d79b42f32b3215f1ca/spek-api-1.1.5.jar:/Users/vhire/.gradle/caches/modules-2/files-2.1/org.jetbrains.kotlin/kotlin-reflect/1.2.31/17c564968cae80b954b294f8564c492da56bd7b5/kotlin-reflect-1.2.31.jar:/Users/vhire/.gradle/caches/modules-2/files-2.1/ch.qos.logback/logback-classic/1.2.3/7c4f3c474fb2c041d8028740440937705ebb473a/logback-classic-1.2.3.jar:/Users/vhire/.gradle/caches/modules-2/files-2.1/org.jetbrains.kotlin/kotlin-test-junit/1.2.31/8972a7db73a9c298a0b544204e8d928a558ed4c5/kotlin-test-junit-1.2.31.jar:/Users/vhire/.gradle/caches/modules-2/files-2.1/junit/junit/4.12/2973d150c0dc1fefe998f834810d68f278ea58ec/junit-4.12.jar:/Users/vhire/.gradle/caches/modules-2/files-2.1/org.jetbrains.kotlin/kotlin-test/1.2.31/b1f548194e03de3dc2a0f6c89bb375c6b3bf2294/kotlin-test-1.2.31.jar:/Users/vhire/.gradle/caches/modules-2/files-2.1/io.micronaut/core/1.0.0.M1/b7b4fa37910fe082b58e6eb2654dbd70aeb4e0b1/core-1.0.0.M1.jar:/Users/vhire/.gradle/caches/modules-2/files-2.1/org.slf4j/slf4j-api/1.7.22/a1c83373863cec7ae8d89dc1c5722d8cb6ec0309/slf4j-api-1.7.22.jar:/Users/vhire/.gradle/caches/modules-2/files-2.1/io.reactivex.rxjava2/rxjava/2.1.14/20dbf7496e417da474eda12717bf4653dbbd5a6b/rxjava-2.1.14.jar:/Users/vhire/.gradle/caches/modules-2/files-2.1/io.netty/netty-handler-proxy/4.1.17.Final/9330ee60c4e48ca60aac89b7bc5ec2567e84f28e/netty-handler-proxy-4.1.17.Final.jar:/Users/vhire/.gradle/caches/modules-2/files-2.1/javax.inject/javax.inject/1/6975da39a7040257bd51d21a231b76c915872d38/javax.inject-1.jar:/Users/vhire/.gradle/caches/modules-2/files-2.1/org.yaml/snakeyaml/1.19/2d998d3d674b172a588e54ab619854d073f555b5/snakeyaml-1.19.jar:/Users/vhire/.gradle/caches/modules-2/files-2.1/org.hibernate.validator/hibernate-validator/6.0.2.Final/41c0d6a3ce1298b09a9ddb944bd251c8d1345b5c/hibernate-validator-6.0.2.Final.jar:/Users/vhire/.gradle/caches/modules-2/files-2.1/javax.validation/validation-api/2.0.0.Final/4a7ff48084bd336c4de1f79f027f6f77badf399e/validation-api-2.0.0.Final.jar:/Users/vhire/.gradle/caches/modules-2/files-2.1/com.fasterxml.jackson.datatype/jackson-datatype-jdk8/2.9.5/23e37f085279ba316c0df923513b81609e1d1f6/jackson-datatype-jdk8-2.9.5.jar:/Users/vhire/.gradle/caches/modules-2/files-2.1/com.fasterxml.jackson.datatype/jackson-datatype-jsr310/2.9.5/d1f0d11e816bc04e222a261106ca138801841c2d/jackson-datatype-jsr310-2.9.5.jar:/Users/vhire/.gradle/caches/modules-2/files-2.1/com.fasterxml.jackson.core/jackson-databind/2.9.5/3490508379d065fe3fcb80042b62f630f7588606/jackson-databind-2.9.5.jar:/Users/vhire/.gradle/caches/modules-2/files-2.1/org.jetbrains.kotlin/kotlin-stdlib-jdk7/1.2.31/95d6a67e8787280a82a2059e54e4db7ac6cfe74/kotlin-stdlib-jdk7-1.2.31.jar:/Users/vhire/.gradle/caches/modules-2/files-2.1/org.jetbrains.kotlin/kotlin-stdlib/1.2.31/153dcd9ed9db246a7e36f4d7609e2a9f4718c674/kotlin-stdlib-1.2.31.jar:/Users/vhire/.gradle/caches/modules-2/files-2.1/io.lettuce/lettuce-core/5.0.1.RELEASE/bdccea39edd356f00ec2e609304a2c35db2afa8d/lettuce-core-5.0.1.RELEASE.jar:/Users/vhire/.gradle/caches/modules-2/files-2.1/com.nimbusds/nimbus-jose-jwt/5.9/48629df944ffe0497c7a0a2536fe1d81065ae58/nimbus-jose-jwt-5.9.jar:/Users/vhire/.gradle/caches/modules-2/files-2.1/org.glassfish/javax.el/3.0.1-b08/8fa39d3901fc6ec8c0fff4ad4e48c26c4911c422/javax.el-3.0.1-b08.jar:/Users/vhire/.gradle/caches/modules-2/files-2.1/ch.qos.logback/logback-core/1.2.3/864344400c3d4d92dfeb0a305dc87d953677c03c/logback-core-1.2.3.jar:/Users/vhire/.gradle/caches/modules-2/files-2.1/org.hamcrest/hamcrest-core/1.3/42a25dc3219429f0e5d060061f71acb49bf010a0/hamcrest-core-1.3.jar:/Users/vhire/.gradle/caches/modules-2/files-2.1/io.projectreactor/reactor-core/3.1.7.RELEASE/7e0bde8c9f08ad91ed314c6cb48e7bed6234dc71/reactor-core-3.1.7.RELEASE.jar:/Users/vhire/.gradle/caches/modules-2/files-2.1/org.reactivestreams/reactive-streams/1.0.1/1b1c911686eb40179219466e6a59b634b9d7a748/reactive-streams-1.0.1.jar:/Users/vhire/.gradle/caches/modules-2/files-2.1/io.netty/netty-codec-http/4.1.17.Final/251d7edcb897122b9b23f24ff793cd0739056b9e/netty-codec-http-4.1.17.Final.jar:/Users/vhire/.gradle/caches/modules-2/files-2.1/io.netty/netty-handler/4.1.17.Final/18c40ffb61a1d1979eca024087070762fdc4664a/netty-handler-4.1.17.Final.jar:/Users/vhire/.gradle/caches/modules-2/files-2.1/io.netty/netty-codec-socks/4.1.17.Final/a159bf1f3d5019e0d561c92fbbec8400967471fa/netty-codec-socks-4.1.17.Final.jar:/Users/vhire/.gradle/caches/modules-2/files-2.1/io.netty/netty-codec/4.1.17.Final/1d00f56dc9e55203a4bde5aae3d0828fdeb818e7/netty-codec-4.1.17.Final.jar:/Users/vhire/.gradle/caches/modules-2/files-2.1/io.netty/netty-transport/4.1.17.Final/9585776b0a8153182412b5d5366061ff486914c1/netty-transport-4.1.17.Final.jar:/Users/vhire/.gradle/caches/modules-2/files-2.1/com.google.code.findbugs/jsr305/3.0.2/25ea2e8b0c338a877313bd4672d3fe056ea78f0d/jsr305-3.0.2.jar:/Users/vhire/.gradle/caches/modules-2/files-2.1/com.fasterxml.jackson.core/jackson-annotations/2.9.0/7c10d545325e3a6e72e06381afe469fd40eb701/jackson-annotations-2.9.0.jar:/Users/vhire/.gradle/caches/modules-2/files-2.1/com.fasterxml.jackson.core/jackson-core/2.9.5/a22ac51016944b06fd9ffbc9541c6e7ce5eea117/jackson-core-2.9.5.jar:/Users/vhire/.gradle/caches/modules-2/files-2.1/org.jetbrains/annotations/13.0/919f0dfe192fb4e063e7dacadee7f8bb9a2672a9/annotations-13.0.jar:/Users/vhire/.gradle/caches/modules-2/files-2.1/io.netty/netty-buffer/4.1.17.Final/fdd68fb3defd7059a7392b9395ee941ef9bacc25/netty-buffer-4.1.17.Final.jar:/Users/vhire/.gradle/caches/modules-2/files-2.1/io.netty/netty-resolver/4.1.17.Final/8f386c80821e200f542da282ae1d3cde5cad8368/netty-resolver-4.1.17.Final.jar:/Users/vhire/.gradle/caches/modules-2/files-2.1/io.netty/netty-common/4.1.17.Final/581c8ee239e4dc0976c2405d155f475538325098/netty-common-4.1.17.Final.jar:/Users/vhire/.gradle/caches/modules-2/files-2.1/com.github.stephenc.jcip/jcip-annotations/1.0-1/ef31541dd28ae2cefdd17c7ebf352d93e9058c63/jcip-annotations-1.0-1.jar:/Users/vhire/.gradle/caches/modules-2/files-2.1/net.minidev/json-smart/2.3/7396407491352ce4fa30de92efb158adb76b5b/json-smart-2.3.jar:/Users/vhire/.gradle/caches/modules-2/files-2.1/net.minidev/accessors-smart/1.2/c592b500269bfde36096641b01238a8350f8aa31/accessors-smart-1.2.jar:/Users/vhire/.gradle/caches/modules-2/files-2.1/org.jboss.logging/jboss-logging/3.3.0.Final/3616bb87707910296e2c195dc016287080bba5af/jboss-logging-3.3.0.Final.jar:/Users/vhire/.gradle/caches/modules-2/files-2.1/com.fasterxml/classmate/1.3.1/2ad2fd09dcf5607ca96f8ef432096a96986c40a/classmate-1.3.1.jar:/Users/vhire/.gradle/caches/modules-2/files-2.1/org.ow2.asm/asm/5.0.4/da08b8cce7bbf903602a25a3a163ae252435795/asm-5.0.4.jar:/Users/vhire/.gradle/caches/modules-2/files-2.1/org.junit.platform/junit-platform-console/1.0.0/2931079616796bc4537f7e3c236f8fdfe7e51237/junit-platform-console-1.0.0.jar:/Users/vhire/.gradle/caches/modules-2/files-2.1/org.junit.platform/junit-platform-launcher/1.0.0/5602a195a442636276efefce2a4c7b418cd67e5c/junit-platform-launcher-1.0.0.jar:/Users/vhire/.gradle/caches/modules-2/files-2.1/org.junit.platform/junit-platform-engine/1.0.0/fdc6f63a689b894529ea5e9e218b65422748fd/junit-platform-engine-1.0.0.jar:/Users/vhire/.gradle/caches/modules-2/files-2.1/org.junit.platform/junit-platform-commons/1.0.0/d2e03d9b21020746d48fe45834ff7d71fbcbd7b2/junit-platform-commons-1.0.0.jar:/Users/vhire/.m2/repository/org/apiguardian/apiguardian-api/1.0.0/apiguardian-api-1.0.0.jar:/Users/vhire/.gradle/caches/modules-2/files-2.1/org.opentest4j/opentest4j/1.0.0/6f09c598e9ff64bf0ce2fa7e7de49a99ba83c0b4/opentest4j-1.0.0.jar"/>
<property name="java.class.version" value="52.0"/>
<property name="java.endorsed.dirs" value="/Library/Java/JavaVirtualMachines/jdk1.8.0_171.jdk/Contents/Home/jre/lib/endorsed"/>
<property name="java.ext.dirs" value="/Users/vhire/Library/Java/Extensions:/Library/Java/JavaVirtualMachines/jdk1.8.0_171.jdk/Contents/Home/jre/lib/ext:/Library/Java/Extensions:/Network/Library/Java/Extensions:/System/Library/Java/Extensions:/usr/lib/java"/>
<property name="java.home" value="/Library/Java/JavaVirtualMachines/jdk1.8.0_171.jdk/Contents/Home/jre"/>
<property name="java.io.tmpdir" value="/var/folders/v0/tzx1hfn10hq_tfhn85rtr8fh0000gq/T/"/>
<property name="java.library.path" value="/Users/vhire/Library/Java/Extensions:/Library/Java/Extensions:/Network/Library/Java/Extensions:/System/Library/Java/Extensions:/usr/lib/java:."/>
<property name="java.runtime.name" value="Java(TM) SE Runtime Environment"/>
<property name="java.runtime.version" value="1.8.0_171-b11"/>
<property name="java.specification.name" value="Java Platform API Specification"/>
<property name="java.specification.vendor" value="Oracle Corporation"/>
<property name="java.specification.version" value="1.8"/>
<property name="java.vendor" value="Oracle Corporation"/>
<property name="java.vendor.url" value="http://java.oracle.com/"/>
<property name="java.vendor.url.bug" value="http://bugreport.sun.com/bugreport/"/>
<property name="java.version" value="1.8.0_171"/>
<property name="java.vm.info" value="mixed mode"/>
<property name="java.vm.name" value="Java HotSpot(TM) 64-Bit Server VM"/>
<property name="java.vm.specification.name" value="Java Virtual Machine Specification"/>
<property name="java.vm.specification.vendor" value="Oracle Corporation"/>
<property name="java.vm.specification.version" value="1.8"/>
<property name="java.vm.vendor" value="Oracle Corporation"/>
<property name="java.vm.version" value="25.171-b11"/>
<property name="line.separator" value="
"/>
<property name="os.arch" value="x86_64"/>
<property name="os.name" value="Mac OS X"/>
<property name="os.version" value="10.13.5"/>
<property name="path.separator" value=":"/>
<property name="sun.arch.data.model" value="64"/>
<property name="sun.boot.class.path" value="/Library/Java/JavaVirtualMachines/jdk1.8.0_171.jdk/Contents/Home/jre/lib/resources.jar:/Library/Java/JavaVirtualMachines/jdk1.8.0_171.jdk/Contents/Home/jre/lib/rt.jar:/Library/Java/JavaVirtualMachines/jdk1.8.0_171.jdk/Contents/Home/jre/lib/sunrsasign.jar:/Library/Java/JavaVirtualMachines/jdk1.8.0_171.jdk/Contents/Home/jre/lib/jsse.jar:/Library/Java/JavaVirtualMachines/jdk1.8.0_171.jdk/Contents/Home/jre/lib/jce.jar:/Library/Java/JavaVirtualMachines/jdk1.8.0_171.jdk/Contents/Home/jre/lib/charsets.jar:/Library/Java/JavaVirtualMachines/jdk1.8.0_171.jdk/Contents/Home/jre/lib/jfr.jar:/Library/Java/JavaVirtualMachines/jdk1.8.0_171.jdk/Contents/Home/jre/classes"/>
<property name="sun.boot.library.path" value="/Library/Java/JavaVirtualMachines/jdk1.8.0_171.jdk/Contents/Home/jre/lib"/>
<property name="sun.cpu.endian" value="little"/>
<property name="sun.cpu.isalist" value=""/>
<property name="sun.io.unicode.encoding" value="UnicodeBig"/>
<property name="sun.java.command" value="org.junit.platform.console.ConsoleLauncher --details NONE --scan-class-path /Users/vhire/micronautJWT/build/classes/java/main:/Users/vhire/micronautJWT/build/classes/kotlin/main:/Users/vhire/micronautJWT/build/tmp/kapt3/classes/main:/Users/vhire/micronautJWT/build/resources/main:/Users/vhire/micronautJWT/build/classes/java/test:/Users/vhire/micronautJWT/build/classes/kotlin/test:/Users/vhire/micronautJWT/build/tmp/kapt3/classes/test:/Users/vhire/micronautJWT/build/resources/test -n ^.*Tests?$ -e spek --reports-dir /Users/vhire/micronautJWT/build/test-results/junit-platform"/>
<property name="sun.java.launcher" value="SUN_STANDARD"/>
<property name="sun.jnu.encoding" value="UTF-8"/>
<property name="sun.management.compiler" value="HotSpot 64-Bit Tiered Compilers"/>
<property name="sun.nio.ch.bugLevel" value=""/>
<property name="sun.os.patch.level" value="unknown"/>
<property name="user.country" value="US"/>
<property name="user.dir" value="/Users/vhire/micronautJWT"/>
<property name="user.home" value="/Users/vhire"/>
<property name="user.language" value="en"/>
<property name="user.name" value="vhire"/>
<property name="user.timezone" value="America/New_York"/>
<property name="user.variant" value=""/>
</properties>
<testcase name="it when unauthorized request is called" classname="describe JWTtests" time="0.523">
<system-out><![CDATA[
unique-id: [engine:spek]/[spec:example.micronaut.JwtAuthTest]/[group:describe JWTtests]/[test:it when unauthorized request is called]
display-name: it when unauthorized request is called
]]></system-out>
</testcase>
<testcase name="it when login endpoint is called with credentials" classname="describe JWTtests" time="0.594">
<system-out><![CDATA[
unique-id: [engine:spek]/[spec:example.micronaut.JwtAuthTest]/[group:describe JWTtests]/[test:it when login endpoint is called with credentials]
display-name: it when login endpoint is called with credentials
]]></system-out>
</testcase>
<testcase name="it refresh access token" classname="describe JWTtests" time="0.048">
<system-out><![CDATA[
unique-id: [engine:spek]/[spec:example.micronaut.JwtAuthTest]/[group:describe JWTtests]/[test:it refresh access token]
display-name: it refresh access token
]]></system-out>
</testcase>
<system-out><![CDATA[
unique-id: [engine:spek]
display-name: Spek
]]></system-out>
</testsuite>
